[2020-05-25 23:34:36.748046][0x00007f0588790a40][debug]: Log setup complete
[2020-05-25 23:34:36.748977][0x00007f0588790a40][info]: Input: ./der
Output: ./ted
Threads: 2
LogLevel: error
[2020-05-25 23:34:36.749487][0x00007f0588790a40][info]: Removed existing db: "./ted"
[2020-05-25 23:34:36.755274][0x00007f0588790a40][debug]: Got families descriptors
[2020-05-25 23:34:36.864223][0x00007f0588790a40][debug]: Got family: default
[2020-05-25 23:34:36.864296][0x00007f0588790a40][debug]: Got family: dW5_M
[2020-05-25 23:34:36.864366][0x00007f0588790a40][debug]: Rewrite family: default
[2020-05-25 23:34:36.864432][0x00007f0588790a40][debug]: Rewrite family: dW5_M
[2020-05-25 23:34:36.864521][0x00007f0588790a40][debug]: 2Yefd : tzjm34L5lw
[2020-05-25 23:34:36.864566][0x00007f0588790a40][debug]: 4Yh6d : r_Wexv6y4L
[2020-05-25 23:34:36.864607][0x00007f0588790a40][debug]: 5G4sL : BN4PZMVS2s
[2020-05-25 23:34:36.864647][0x00007f0588790a40][debug]: 78ZlJ : aXF54GJ0z0
[2020-05-25 23:34:36.864686][0x00007f0588790a40][debug]: CisnN : 8Bv_gvQHBW
[2020-05-25 23:34:36.864726][0x00007f0588790a40][debug]: Dvasr : WSwuExqH6z
[2020-05-25 23:34:36.864765][0x00007f0588790a40][debug]: Slnwn : k6wiGlTc2a
[2020-05-25 23:34:36.864805][0x00007f0588790a40][debug]: UQaB8 : JsQub8jFgD
[2020-05-25 23:34:36.864850][0x00007f0588790a40][debug]: WCAIA : uzOmEhzYRx
[2020-05-25 23:34:36.864890][0x00007f0588790a40][debug]: WWzrI : 81xrntgmPd
[2020-05-25 23:34:36.864929][0x00007f0588790a40][debug]: _SPuL : ZeOc55iwYQ
[2020-05-25 23:34:36.864969][0x00007f0588790a40][debug]: a0RRR : g3KR9i78T1
[2020-05-25 23:34:36.865050][0x00007f0588790a40][debug]: eMEtf : XzSDn3qznd
[2020-05-25 23:34:36.865107][0x00007f0588790a40][debug]: fpHl7 : J43MG94OAD
[2020-05-25 23:34:36.865149][0x00007f0588790a40][debug]: gDMtE : lwYCsXj3Tb
[2020-05-25 23:34:36.865190][0x00007f0588790a40][debug]: gOEtQ : zdQLSTWrYC
[2020-05-25 23:34:36.865238][0x00007f0588790a40][debug]: ga4Nf : TDufpFf7G4
[2020-05-25 23:34:36.865278][0x00007f0588790a40][debug]: kzM6J : iUTcpoqVTF
[2020-05-25 23:34:36.865318][0x00007f0588790a40][debug]: peGTl : M8CILmI24L
[2020-05-25 23:34:36.865358][0x00007f0588790a40][debug]: sIPCO : gglaj32v8E
[2020-05-25 23:34:36.865398][0x00007f0588790a40][debug]: wNYwk : 73ZR1Ra7YA
[2020-05-25 23:34:36.867658][0x00007f0587636700][info]: Hashed from 'dW5_M': wNYwk
[2020-05-25 23:34:36.867790][0x00007f0587636700][debug]: Put: wNYwk : 465061fbc3015a4ca9259c20d65b91a24f4474e88012779f1902082a1b6b65d1
[2020-05-25 23:34:36.867964][0x00007f0587636700][info]: Hashed from 'dW5_M': sIPCO
[2020-05-25 23:34:36.868019][0x00007f0587636700][debug]: Put: sIPCO : a3871586aa4aa10bfc4f797856e6f3eb9c37a651c7d9b41d34e3a3810e628efd
[2020-05-25 23:34:36.868118][0x00007f0587636700][info]: Hashed from 'dW5_M': peGTl
[2020-05-25 23:34:36.868155][0x00007f0587636700][debug]: Put: peGTl : 07bf49bd47c1d5ac5e8c90acd0c80c87318f56b23990b1c48efe3ef2f949aacf
[2020-05-25 23:34:36.868238][0x00007f0587636700][info]: Hashed from 'dW5_M': ga4Nf
[2020-05-25 23:34:36.868275][0x00007f0587636700][debug]: Put: ga4Nf : 3464bfa9728d4ae3afbc8fd9c4c0628c3e1958d9ecab76bd6dba6958b4e63084
[2020-05-25 23:34:36.868362][0x00007f0587636700][info]: Hashed from 'dW5_M': gOEtQ
[2020-05-25 23:34:36.868399][0x00007f0587636700][debug]: Put: gOEtQ : 506995efdc34c2d15e98d03851cc558b2a886a641c41b7097ec881cd975be818
[2020-05-25 23:34:36.868573][0x00007f0587636700][info]: Hashed from 'dW5_M': eMEtf
[2020-05-25 23:34:36.868638][0x00007f0587636700][debug]: Put: eMEtf : fe8c7e61b7eab0a7dd097f5e1f710fe29e56df560e0662afc59cb7f41c4c160b
[2020-05-25 23:34:36.868748][0x00007f0587636700][info]: Hashed from 'dW5_M': a0RRR
[2020-05-25 23:34:36.868796][0x00007f0587636700][debug]: Put: a0RRR : 76ec9de58e5469394b87f9157625f02cf6741daf8cc253a9a6879a2589b39975
[2020-05-25 23:34:36.869051][0x00007f0587636700][info]: Hashed from 'dW5_M': fpHl7
[2020-05-25 23:34:36.869120][0x00007f0587636700][debug]: Put: fpHl7 : 01049b354bffc2a5f5ff2c2155825d513a064bc344b0c2c9038883e6b335989e
[2020-05-25 23:34:36.869232][0x00007f0587636700][info]: Hashed from 'dW5_M': WWzrI
[2020-05-25 23:34:36.869292][0x00007f0587636700][debug]: Put: WWzrI : 4e97d9f8e08ddac0357b0d95681118669dbe2f1eedd2a90d5b377c3439789b4d
[2020-05-25 23:34:36.869420][0x00007f0587636700][info]: Hashed from 'dW5_M': _SPuL
[2020-05-25 23:34:36.869469][0x00007f0587636700][debug]: Put: _SPuL : af49e3ce066b0d80a2e0f4efdcfbc69d2a9a2ed1e351fffed10d943a4c9ed879
[2020-05-25 23:34:36.869590][0x00007f0587636700][info]: Hashed from 'dW5_M': kzM6J
[2020-05-25 23:34:36.869694][0x00007f0587636700][debug]: Put: kzM6J : d7b67c4a74b7a4585cfc8aeb0820c4ea8f35df4244819142b771fb7037438d21
[2020-05-25 23:34:36.870042][0x00007f0587636700][info]: Hashed from 'dW5_M': UQaB8
[2020-05-25 23:34:36.870432][0x00007f0587636700][debug]: Put: UQaB8 : ab83cd4471dc3f85631f9a7db575e7e6ac71a05e35c2f084e3677c65543fdf48
[2020-05-25 23:34:36.870729][0x00007f0587636700][info]: Hashed from 'dW5_M': Slnwn
[2020-05-25 23:34:36.870864][0x00007f0587636700][debug]: Put: Slnwn : 3ed473643657fb211ea7b638556a32ffda9fbd4058d787624cf6f506081baa19
[2020-05-25 23:34:36.871055][0x00007f0587636700][info]: Hashed from 'dW5_M': Dvasr
[2020-05-25 23:34:36.871142][0x00007f0587636700][debug]: Put: Dvasr : 139c189af24fd55668c85dcdb7f93489c4f39566d441b499b00bfe85b50d42ef
[2020-05-25 23:34:36.871330][0x00007f0587636700][info]: Hashed from 'dW5_M': 78ZlJ
[2020-05-25 23:34:36.871394][0x00007f0587636700][debug]: Put: 78ZlJ : ffcf8365971dd7794c48166d5c91a6148ed98df4faab4a282f1e42eca9986f45
[2020-05-25 23:34:36.871503][0x00007f0587636700][info]: Hashed from 'dW5_M': 5G4sL
[2020-05-25 23:34:36.871558][0x00007f0587636700][debug]: Put: 5G4sL : 1f8065b07004fa9ccc3e36f529d83cc8486d69ec2106d85aee7a607ea45313ce
[2020-05-25 23:34:36.871692][0x00007f0587636700][info]: Hashed from 'dW5_M': gDMtE
[2020-05-25 23:34:36.871773][0x00007f0587636700][debug]: Put: gDMtE : 29a003147caa0727da576bb11be9fa2a872a9388c65527eae7883fb1c1711df4
[2020-05-25 23:34:36.872044][0x00007f0587636700][info]: Hashed from 'dW5_M': CisnN
[2020-05-25 23:34:36.872215][0x00007f0587636700][debug]: Put: CisnN : 217a2d86cb0d9b4526f79cca36917d3007346858be8666e05c97a680963c0c69
[2020-05-25 23:34:36.872398][0x00007f0587636700][info]: Hashed from 'dW5_M': WCAIA
[2020-05-25 23:34:36.872453][0x00007f0587636700][debug]: Put: WCAIA : cfe5989dc410f832c96fb8d7d58858500cf908581fc3a3ed75398e8e344d37dd
[2020-05-25 23:34:36.872646][0x00007f0587636700][info]: Hashed from 'dW5_M': 4Yh6d
[2020-05-25 23:34:36.872825][0x00007f0587636700][debug]: Put: 4Yh6d : 57f454762bb80ecf4156ab65b9c18ef35332257d1f3b616874a2c627578ebba3
[2020-05-25 23:34:36.872955][0x00007f0587636700][info]: Hashed from 'dW5_M': 2Yefd
[2020-05-25 23:34:36.872999][0x00007f0587636700][debug]: Put: 2Yefd : e1aadc803ea622f23945aebdc1ca21046504366cb10703af7dc0756cd4a21c30
